# JRE version: OpenJDK Runtime Environment (8.0_352-b08) (build 1.8.0_352-b08)
# Java VM: OpenJDK 64-Bit Server VM (25.352-b08 mixed mode windows-amd64 compressed oops)
Heap:
 PSYoungGen      total 1116160K, used 780627K [0x000000076ca00000, 0x00000007bff00000, 0x00000007c0000000)
  eden space 1115136K, 69% used [0x000000076ca00000,0x000000079c44ccb8,0x00000007b0b00000)
  from space 1024K, 3% used [0x00000007bfd00000,0x00000007bfd08000,0x00000007bfe00000)
  to   space 1024K, 0% used [0x00000007bfe00000,0x00000007bfe00000,0x00000007bff00000)
 ParOldGen       total 172032K, used 2231K [0x00000006c5e00000, 0x00000006d0600000, 0x000000076ca00000)
  object space 172032K, 1% used [0x00000006c5e00000,0x00000006c602dc68,0x00000006d0600000)
 Metaspace       used 11087K, capacity 11338K, committed 11648K, reserved 1060864K
  class space    used 998K, capacity 1086K, committed 1152K, reserved 1048576K
GC Heap History (86 events):
Event: 1.145 GC heap before
{Heap before GC invocations=1 (full 0):
 PSYoungGen      total 75264K, used 64512K [0x000000076ca00000, 0x0000000771e00000, 0x00000007c0000000)
  eden space 64512K, 100% used [0x000000076ca00000,0x0000000770900000,0x0000000770900000)
  from space 10752K, 0% used [0x0000000771380000,0x0000000771380000,0x0000000771e00000)
  to   space 10752K, 0% used [0x0000000770900000,0x0000000770900000,0x0000000771380000)
 ParOldGen       total 172032K, used 0K [0x00000006c5e00000, 0x00000006d0600000, 0x000000076ca00000)
  object space 172032K, 0% used [0x00000006c5e00000,0x00000006c5e00000,0x00000006d0600000)
 Metaspace       used 11079K, capacity 11338K, committed 11648K, reserved 1060864K
  class space    used 998K, capacity 1086K, committed 1152K, reserved 1048576K
Event: 1.149 GC heap after
Heap after GC invocations=1 (full 0):
 PSYoungGen      total 75264K, used 5449K [0x000000076ca00000, 0x0000000771e00000, 0x00000007c0000000)
  eden space 64512K, 0% used [0x000000076ca00000,0x000000076ca00000,0x0000000770900000)
  from space 10752K, 50% used [0x0000000770900000,0x0000000770e526e8,0x0000000771380000)
  to   space 10752K, 0% used [0x0000000771380000,0x0000000771380000,0x0000000771e00000)
 ParOldGen       total 172032K, used 16K [0x00000006c5e00000, 0x00000006d0600000, 0x000000076ca00000)
  object space 172032K, 0% used [0x00000006c5e00000,0x00000006c5e04000,0x00000006d0600000)
 Metaspace       used 11079K, capacity 11338K, committed 11648K, reserved 1060864K
  class space    used 998K, capacity 1086K, committed 1152K, reserved 1048576K
}
Event: 1.163 GC heap before
{Heap before GC invocations=2 (full 0):
 PSYoungGen      total 75264K, used 69961K [0x000000076ca00000, 0x0000000771e00000, 0x00000007c0000000)
  eden space 64512K, 100% used [0x000000076ca00000,0x0000000770900000,0x0000000770900000)
  from space 10752K, 50% used [0x0000000770900000,0x0000000770e526e8,0x0000000771380000)
  to   space 10752K, 0% used [0x0000000771380000,0x0000000771380000,0x0000000771e00000)
 ParOldGen       total 172032K, used 16K [0x00000006c5e00000, 0x00000006d0600000, 0x000000076ca00000)
  object space 172032K, 0% used [0x00000006c5e00000,0x00000006c5e04000,0x00000006d0600000)
 Metaspace       used 11087K, capacity 11338K, committed 11648K, reserved 1060864K
  class space    used 998K, capacity 1086K, committed 1152K, reserved 1048576K
Event: 1.165 GC heap after
Heap after GC invocations=2 (full 0):
 PSYoungGen      total 75264K, used 2333K [0x000000076ca00000, 0x0000000775d00000, 0x00000007c0000000)
  eden space 64512K, 0% used [0x000000076ca00000,0x000000076ca00000,0x0000000770900000)
  from space 10752K, 21% used [0x0000000771380000,0x00000007715c7680,0x0000000771e00000)
  to   space 10752K, 0% used [0x0000000770900000,0x0000000770900000,0x0000000771380000)
 ParOldGen       total 172032K, used 24K [0x00000006c5e00000, 0x00000006d0600000, 0x000000076ca00000)
  object space 172032K, 0% used [0x00000006c5e00000,0x00000006c5e06000,0x00000006d0600000)
 Metaspace       used 11087K, capacity 11338K, committed 11648K, reserved 1060864K
  class space    used 998K, capacity 1086K, committed 1152K, reserved 1048576K
}
Event: 1.177 GC heap before
{Heap before GC invocations=3 (full 0):
 PSYoungGen      total 75264K, used 66845K [0x000000076ca00000, 0x0000000775d00000, 0x00000007c0000000)
  eden space 64512K, 100% used [0x000000076ca00000,0x0000000770900000,0x0000000770900000)
  from space 10752K, 21% used [0x0000000771380000,0x00000007715c7680,0x0000000771e00000)
  to   space 10752K, 0% used [0x0000000770900000,0x0000000770900000,0x0000000771380000)
 ParOldGen       total 172032K, used 24K [0x00000006c5e00000, 0x00000006d0600000, 0x000000076ca00000)
  object space 172032K, 0% used [0x00000006c5e00000,0x00000006c5e06000,0x00000006d0600000)
 Metaspace       used 11087K, capacity 11338K, committed 11648K, reserved 1060864K
  class space    used 998K, capacity 1086K, committed 1152K, reserved 1048576K
Event: 1.178 GC heap after
Heap after GC invocations=3 (full 0):
 PSYoungGen      total 75264K, used 2367K [0x000000076ca00000, 0x0000000775d00000, 0x00000007c0000000)
  eden space 64512K, 0% used [0x000000076ca00000,0x000000076ca00000,0x0000000770900000)
  from space 10752K, 22% used [0x0000000770900000,0x0000000770b4fdd0,0x0000000771380000)
  to   space 10752K, 0% used [0x0000000775280000,0x0000000775280000,0x0000000775d00000)
 ParOldGen       total 172032K, used 24K [0x00000006c5e00000, 0x00000006d0600000, 0x000000076ca00000)
  object space 172032K, 0% used [0x00000006c5e00000,0x00000006c5e06000,0x00000006d0600000)
 Metaspace       used 11087K, capacity 11338K, committed 11648K, reserved 1060864K
  class space    used 998K, capacity 1086K, committed 1152K, reserved 1048576K
}
Event: 1.190 GC heap before
{Heap before GC invocations=4 (full 0):
 PSYoungGen      total 75264K, used 66879K [0x000000076ca00000, 0x0000000775d00000, 0x00000007c0000000)
  eden space 64512K, 100% used [0x000000076ca00000,0x0000000770900000,0x0000000770900000)
  from space 10752K, 22% used [0x0000000770900000,0x0000000770b4fdd0,0x0000000771380000)
  to   space 10752K, 0% used [0x0000000775280000,0x0000000775280000,0x0000000775d00000)
 ParOldGen       total 172032K, used 24K [0x00000006c5e00000, 0x00000006d0600000, 0x000000076ca00000)
  object space 172032K, 0% used [0x00000006c5e00000,0x00000006c5e06000,0x00000006d0600000)
 Metaspace       used 11087K, capacity 11338K, committed 11648K, reserved 1060864K
  class space    used 998K, capacity 1086K, committed 1152K, reserved 1048576K
Event: 1.192 GC heap after
Heap after GC invocations=4 (full 0):
 PSYoungGen      total 139776K, used 2324K [0x000000076ca00000, 0x0000000775d00000, 0x00000007c0000000)
  eden space 129024K, 0% used [0x000000076ca00000,0x000000076ca00000,0x0000000774800000)
  from space 10752K, 21% used [0x0000000775280000,0x00000007754c53e8,0x0000000775d00000)
  to   space 10752K, 0% used [0x0000000774800000,0x0000000774800000,0x0000000775280000)
 ParOldGen       total 172032K, used 32K [0x00000006c5e00000, 0x00000006d0600000, 0x000000076ca00000)
  object space 172032K, 0% used [0x00000006c5e00000,0x00000006c5e08000,0x00000006d0600000)
 Metaspace       used 11087K, capacity 11338K, committed 11648K, reserved 1060864K
  class space    used 998K, capacity 1086K, committed 1152K, reserved 1048576K
}
Event: 1.226 GC heap before
{Heap before GC invocations=5 (full 0):
 PSYoungGen      total 139776K, used 131348K [0x000000076ca00000, 0x0000000775d00000, 0x00000007c0000000)
  eden space 129024K, 100% used [0x000000076ca00000,0x0000000774800000,0x0000000774800000)
  from space 10752K, 21% used [0x0000000775280000,0x00000007754c53e8,0x0000000775d00000)
  to   space 10752K, 0% used [0x0000000774800000,0x0000000774800000,0x0000000775280000)
 ParOldGen       total 172032K, used 32K [0x00000006c5e00000, 0x00000006d0600000, 0x000000076ca00000)
  object space 172032K, 0% used [0x00000006c5e00000,0x00000006c5e08000,0x00000006d0600000)
 Metaspace       used 11087K, capacity 11338K, committed 11648K, reserved 1060864K
  class space    used 998K, capacity 1086K, committed 1152K, reserved 1048576K
Event: 1.228 GC heap after
Heap after GC invocations=5 (full 0):
 PSYoungGen      total 139776K, used 2308K [0x000000076ca00000, 0x000000077d100000, 0x00000007c0000000)
  eden space 129024K, 0% used [0x000000076ca00000,0x000000076ca00000,0x0000000774800000)
  from space 10752K, 21% used [0x0000000774800000,0x0000000774a413d8,0x0000000775280000)
  to   space 5632K, 0% used [0x000000077cb80000,0x000000077cb80000,0x000000077d100000)
 ParOldGen       total 172032K, used 40K [0x00000006c5e00000, 0x00000006d0600000, 0x000000076ca00000)
  object space 172032K, 0% used [0x00000006c5e00000,0x00000006c5e0a000,0x00000006d0600000)
 Metaspace       used 11087K, capacity 11338K, committed 11648K, reserved 1060864K
  class space    used 998K, capacity 1086K, committed 1152K, reserved 1048576K
}
Event: 1.251 GC heap before
{Heap before GC invocations=6 (full 0):
 PSYoungGen      total 139776K, used 131332K [0x000000076ca00000, 0x000000077d100000, 0x00000007c0000000)
  eden space 129024K, 100% used [0x000000076ca00000,0x0000000774800000,0x0000000774800000)
  from space 10752K, 21% used [0x0000000774800000,0x0000000774a413d8,0x0000000775280000)
  to   space 5632K, 0% used [0x000000077cb80000,0x000000077cb80000,0x000000077d100000)
 ParOldGen       total 172032K, used 40K [0x00000006c5e00000, 0x00000006d0600000, 0x000000076ca00000)
  object space 172032K, 0% used [0x00000006c5e00000,0x00000006c5e0a000,0x00000006d0600000)
 Metaspace       used 11087K, capacity 11338K, committed 11648K, reserved 1060864K
  class space    used 998K, capacity 1086K, committed 1152K, reserved 1048576K
Event: 1.253 GC heap after
Heap after GC invocations=6 (full 0):
 PSYoungGen      total 263680K, used 2339K [0x000000076ca00000, 0x000000077d100000, 0x00000007c0000000)
  eden space 258048K, 0% used [0x000000076ca00000,0x000000076ca00000,0x000000077c600000)
  from space 5632K, 41% used [0x000000077cb80000,0x000000077cdc8e88,0x000000077d100000)
  to   space 5632K, 0% used [0x000000077c600000,0x000000077c600000,0x000000077cb80000)
 ParOldGen       total 172032K, used 40K [0x00000006c5e00000, 0x00000006d0600000, 0x000000076ca00000)
  object space 172032K, 0% used [0x00000006c5e00000,0x00000006c5e0a000,0x00000006d0600000)
 Metaspace       used 11087K, capacity 11338K, committed 11648K, reserved 1060864K
  class space    used 998K, capacity 1086K, committed 1152K, reserved 1048576K
}
Event: 1.324 GC heap before
{Heap before GC invocations=7 (full 0):
 PSYoungGen      total 263680K, used 260387K [0x000000076ca00000, 0x000000077d100000, 0x00000007c0000000)
  eden space 258048K, 100% used [0x000000076ca00000,0x000000077c600000,0x000000077c600000)
  from space 5632K, 41% used [0x000000077cb80000,0x000000077cdc8e88,0x000000077d100000)
  to   space 5632K, 0% used [0x000000077c600000,0x000000077c600000,0x000000077cb80000)
 ParOldGen       total 172032K, used 40K [0x00000006c5e00000, 0x00000006d0600000, 0x000000076ca00000)
  object space 172032K, 0% used [0x00000006c5e00000,0x00000006c5e0a000,0x00000006d0600000)
 Metaspace       used 11087K, capacity 11338K, committed 11648K, reserved 1060864K
  class space    used 998K, capacity 1086K, committed 1152K, reserved 1048576K
Event: 1.326 GC heap after
Heap after GC invocations=7 (full 0):
 PSYoungGen      total 263680K, used 0K [0x000000076ca00000, 0x000000078cd00000, 0x00000007c0000000)
  eden space 258048K, 0% used [0x000000076ca00000,0x000000076ca00000,0x000000077c600000)
  from space 5632K, 0% used [0x000000077c600000,0x000000077c600000,0x000000077cb80000)
  to   space 5632K, 0% used [0x000000078c780000,0x000000078c780000,0x000000078cd00000)
 ParOldGen       total 172032K, used 2231K [0x00000006c5e00000, 0x00000006d0600000, 0x000000076ca00000)
  object space 172032K, 1% used [0x00000006c5e00000,0x00000006c602dc68,0x00000006d0600000)
 Metaspace       used 11087K, capacity 11338K, committed 11648K, reserved 1060864K
  class space    used 998K, capacity 1086K, committed 1152K, reserved 1048576K
}
Event: 1.372 GC heap before
{Heap before GC invocations=8 (full 0):
 PSYoungGen      total 263680K, used 258048K [0x000000076ca00000, 0x000000078cd00000, 0x00000007c0000000)
  eden space 258048K, 100% used [0x000000076ca00000,0x000000077c600000,0x000000077c600000)
  from space 5632K, 0% used [0x000000077c600000,0x000000077c600000,0x000000077cb80000)
  to   space 5632K, 0% used [0x000000078c780000,0x000000078c780000,0x000000078cd00000)
 ParOldGen       total 172032K, used 2231K [0x00000006c5e00000, 0x00000006d0600000, 0x000000076ca00000)
  object space 172032K, 1% used [0x00000006c5e00000,0x00000006c602dc68,0x00000006d0600000)
 Metaspace       used 11087K, capacity 11338K, committed 11648K, reserved 1060864K
  class space    used 998K, capacity 1086K, committed 1152K, reserved 1048576K
Event: 1.373 GC heap after
Heap after GC invocations=8 (full 0):
 PSYoungGen      total 521728K, used 0K [0x000000076ca00000, 0x000000078cd00000, 0x00000007c0000000)
  eden space 516096K, 0% used [0x000000076ca00000,0x000000076ca00000,0x000000078c200000)
  from space 5632K, 0% used [0x000000078c780000,0x000000078c780000,0x000000078cd00000)
  to   space 5632K, 0% used [0x000000078c200000,0x000000078c200000,0x000000078c780000)
 ParOldGen       total 172032K, used 2231K [0x00000006c5e00000, 0x00000006d0600000, 0x000000076ca00000)
  object space 172032K, 1% used [0x00000006c5e00000,0x00000006c602dc68,0x00000006d0600000)
 Metaspace       used 11087K, capacity 11338K, committed 11648K, reserved 1060864K
  class space    used 998K, capacity 1086K, committed 1152K, reserved 1048576K
}
Event: 1.510 GC heap before
{Heap before GC invocations=9 (full 0):
 PSYoungGen      total 521728K, used 516096K [0x000000076ca00000, 0x000000078cd00000, 0x00000007c0000000)
  eden space 516096K, 100% used [0x000000076ca00000,0x000000078c200000,0x000000078c200000)
  from space 5632K, 0% used [0x000000078c780000,0x000000078c780000,0x000000078cd00000)
  to   space 5632K, 0% used [0x000000078c200000,0x000000078c200000,0x000000078c780000)
 ParOldGen       total 172032K, used 2231K [0x00000006c5e00000, 0x00000006d0600000, 0x000000076ca00000)
  object space 172032K, 1% used [0x00000006c5e00000,0x00000006c602dc68,0x00000006d0600000)
 Metaspace       used 11087K, capacity 11338K, committed 11648K, reserved 1060864K
  class space    used 998K, capacity 1086K, committed 1152K, reserved 1048576K
Event: 1.513 GC heap after
Heap after GC invocations=9 (full 0):
 PSYoungGen      total 521728K, used 0K [0x000000076ca00000, 0x000000079fb80000, 0x00000007c0000000)
  eden space 516096K, 0% used [0x000000076ca00000,0x000000076ca00000,0x000000078c200000)
  from space 5632K, 0% used [0x000000078c200000,0x000000078c200000,0x000000078c780000)
  to   space 5632K, 0% used [0x000000079f600000,0x000000079f600000,0x000000079fb80000)
 ParOldGen       total 172032K, used 2231K [0x00000006c5e00000, 0x00000006d0600000, 0x000000076ca00000)
  object space 172032K, 1% used [0x00000006c5e00000,0x00000006c602dc68,0x00000006d0600000)
 Metaspace       used 11087K, capacity 11338K, committed 11648K, reserved 1060864K
  class space    used 998K, capacity 1086K, committed 1152K, reserved 1048576K
}
Event: 1.600 GC heap before
{Heap before GC invocations=10 (full 0):
 PSYoungGen      total 521728K, used 516096K [0x000000076ca00000, 0x000000079fb80000, 0x00000007c0000000)
  eden space 516096K, 100% used [0x000000076ca00000,0x000000078c200000,0x000000078c200000)
  from space 5632K, 0% used [0x000000078c200000,0x000000078c200000,0x000000078c780000)
  to   space 5632K, 0% used [0x000000079f600000,0x000000079f600000,0x000000079fb80000)
 ParOldGen       total 172032K, used 2231K [0x00000006c5e00000, 0x00000006d0600000, 0x000000076ca00000)
  object space 172032K, 1% used [0x00000006c5e00000,0x00000006c602dc68,0x00000006d0600000)
 Metaspace       used 11087K, capacity 11338K, committed 11648K, reserved 1060864K
  class space    used 998K, capacity 1086K, committed 1152K, reserved 1048576K
Event: 1.602 GC heap after
Heap after GC invocations=10 (full 0):
 PSYoungGen      total 831488K, used 32K [0x000000076ca00000, 0x000000079fb80000, 0x00000007c0000000)
  eden space 825856K, 0% used [0x000000076ca00000,0x000000076ca00000,0x000000079f080000)
  from space 5632K, 0% used [0x000000079f600000,0x000000079f608000,0x000000079fb80000)
  to   space 5632K, 0% used [0x000000079f080000,0x000000079f080000,0x000000079f600000)
 ParOldGen       total 172032K, used 2231K [0x00000006c5e00000, 0x00000006d0600000, 0x000000076ca00000)
  object space 172032K, 1% used [0x00000006c5e00000,0x00000006c602dc68,0x00000006d0600000)
 Metaspace       used 11087K, capacity 11338K, committed 11648K, reserved 1060864K
  class space    used 998K, capacity 1086K, committed 1152K, reserved 1048576K
}
Event: 1.956 GC heap before
{Heap before GC invocations=11 (full 0):
 PSYoungGen      total 831488K, used 825888K [0x000000076ca00000, 0x000000079fb80000, 0x00000007c0000000)
  eden space 825856K, 100% used [0x000000076ca00000,0x000000079f080000,0x000000079f080000)
  from space 5632K, 0% used [0x000000079f600000,0x000000079f608000,0x000000079fb80000)
  to   space 5632K, 0% used [0x000000079f080000,0x000000079f080000,0x000000079f600000)
 ParOldGen       total 172032K, used 2231K [0x00000006c5e00000, 0x00000006d0600000, 0x000000076ca00000)
  object space 172032K, 1% used [0x00000006c5e00000,0x00000006c602dc68,0x00000006d0600000)
 Metaspace       used 11087K, capacity 11338K, committed 11648K, reserved 1060864K
  class space    used 998K, capacity 1086K, committed 1152K, reserved 1048576K
Event: 1.958 GC heap after
Heap after GC invocations=11 (full 0):
 PSYoungGen      total 831488K, used 0K [0x000000076ca00000, 0x00000007bdf80000, 0x00000007c0000000)
  eden space 825856K, 0% used [0x000000076ca00000,0x000000076ca00000,0x000000079f080000)
  from space 5632K, 0% used [0x000000079f080000,0x000000079f080000,0x000000079f600000)
  to   space 5632K, 0% used [0x00000007bda00000,0x00000007bda00000,0x00000007bdf80000)
 ParOldGen       total 172032K, used 2231K [0x00000006c5e00000, 0x00000006d0600000, 0x000000076ca00000)
  object space 172032K, 1% used [0x00000006c5e00000,0x00000006c602dc68,0x00000006d0600000)
 Metaspace       used 11087K, capacity 11338K, committed 11648K, reserved 1060864K
  class space    used 998K, capacity 1086K, committed 1152K, reserved 1048576K
}
Event: 2.098 GC heap before
{Heap before GC invocations=12 (full 0):
 PSYoungGen      total 831488K, used 825856K [0x000000076ca00000, 0x00000007bdf80000, 0x00000007c0000000)
  eden space 825856K, 100% used [0x000000076ca00000,0x000000079f080000,0x000000079f080000)
  from space 5632K, 0% used [0x000000079f080000,0x000000079f080000,0x000000079f600000)
  to   space 5632K, 0% used [0x00000007bda00000,0x00000007bda00000,0x00000007bdf80000)
 ParOldGen       total 172032K, used 2231K [0x00000006c5e00000, 0x00000006d0600000, 0x000000076ca00000)
  object space 172032K, 1% used [0x00000006c5e00000,0x00000006c602dc68,0x00000006d0600000)
 Metaspace       used 11087K, capacity 11338K, committed 11648K, reserved 1060864K
  class space    used 998K, capacity 1086K, committed 1152K, reserved 1048576K
Event: 2.099 GC heap after
Heap after GC invocations=12 (full 0):
 PSYoungGen      total 1327104K, used 32K [0x000000076ca00000, 0x00000007bdf80000, 0x00000007c0000000)
  eden space 1321472K, 0% used [0x000000076ca00000,0x000000076ca00000,0x00000007bd480000)
  from space 5632K, 0% used [0x00000007bda00000,0x00000007bda08000,0x00000007bdf80000)
  to   space 5632K, 0% used [0x00000007bd480000,0x00000007bd480000,0x00000007bda00000)
 ParOldGen       total 172032K, used 2231K [0x00000006c5e00000, 0x00000006d0600000, 0x000000076ca00000)
  object space 172032K, 1% used [0x00000006c5e00000,0x00000006c602dc68,0x00000006d0600000)
 Metaspace       used 11087K, capacity 11338K, committed 11648K, reserved 1060864K
  class space    used 998K, capacity 1086K, committed 1152K, reserved 1048576K
}
Event: 2.495 GC heap before
{Heap before GC invocations=13 (full 0):
 PSYoungGen      total 1327104K, used 1321504K [0x000000076ca00000, 0x00000007bdf80000, 0x00000007c0000000)
  eden space 1321472K, 100% used [0x000000076ca00000,0x00000007bd480000,0x00000007bd480000)
  from space 5632K, 0% used [0x00000007bda00000,0x00000007bda08000,0x00000007bdf80000)
  to   space 5632K, 0% used [0x00000007bd480000,0x00000007bd480000,0x00000007bda00000)
 ParOldGen       total 172032K, used 2231K [0x00000006c5e00000, 0x00000006d0600000, 0x000000076ca00000)
  object space 172032K, 1% used [0x00000006c5e00000,0x00000006c602dc68,0x00000006d0600000)
 Metaspace       used 11087K, capacity 11338K, committed 11648K, reserved 1060864K
  class space    used 998K, capacity 1086K, committed 1152K, reserved 1048576K
Event: 2.497 GC heap after
Heap after GC invocations=13 (full 0):
 PSYoungGen      total 1327104K, used 0K [0x000000076ca00000, 0x00000007c0000000, 0x00000007c0000000)
  eden space 1321472K, 0% used [0x000000076ca00000,0x000000076ca00000,0x00000007bd480000)
  from space 5632K, 0% used [0x00000007bd480000,0x00000007bd480000,0x00000007bda00000)
  to   space 5632K, 0% used [0x00000007bfa80000,0x00000007bfa80000,0x00000007c0000000)
 ParOldGen       total 172032K, used 2231K [0x00000006c5e00000, 0x00000006d0600000, 0x000000076ca00000)
  object space 172032K, 1% used [0x00000006c5e00000,0x00000006c602dc68,0x00000006d0600000)
 Metaspace       used 11087K, capacity 11338K, committed 11648K, reserved 1060864K
  class space    used 998K, capacity 1086K, committed 1152K, reserved 1048576K
}
Event: 2.719 GC heap before
{Heap before GC invocations=14 (full 0):
 PSYoungGen      total 1327104K, used 1321472K [0x000000076ca00000, 0x00000007c0000000, 0x00000007c0000000)
  eden space 1321472K, 100% used [0x000000076ca00000,0x00000007bd480000,0x00000007bd480000)
  from space 5632K, 0% used [0x00000007bd480000,0x00000007bd480000,0x00000007bda00000)
  to   space 5632K, 0% used [0x00000007bfa80000,0x00000007bfa80000,0x00000007c0000000)
 ParOldGen       total 172032K, used 2231K [0x00000006c5e00000, 0x00000006d0600000, 0x000000076ca00000)
  object space 172032K, 1% used [0x00000006c5e00000,0x00000006c602dc68,0x00000006d0600000)
 Metaspace       used 11087K, capacity 11338K, committed 11648K, reserved 1060864K
  class space    used 998K, capacity 1086K, committed 1152K, reserved 1048576K
Event: 2.721 GC heap after
Heap after GC invocations=14 (full 0):
 PSYoungGen      total 1359360K, used 0K [0x000000076ca00000, 0x00000007bff00000, 0x00000007c0000000)
  eden space 1354752K, 0% used [0x000000076ca00000,0x000000076ca00000,0x00000007bf500000)
  from space 4608K, 0% used [0x00000007bfa80000,0x00000007bfa80000,0x00000007bff00000)
  to   space 5120K, 0% used [0x00000007bf500000,0x00000007bf500000,0x00000007bfa00000)
 ParOldGen       total 172032K, used 2231K [0x00000006c5e00000, 0x00000006d0600000, 0x000000076ca00000)
  object space 172032K, 1% used [0x00000006c5e00000,0x00000006c602dc68,0x00000006d0600000)
 Metaspace       used 11087K, capacity 11338K, committed 11648K, reserved 1060864K
  class space    used 998K, capacity 1086K, committed 1152K, reserved 1048576K
}
Event: 2.956 GC heap before
{Heap before GC invocations=15 (full 0):
 PSYoungGen      total 1359360K, used 1354752K [0x000000076ca00000, 0x00000007bff00000, 0x00000007c0000000)
  eden space 1354752K, 100% used [0x000000076ca00000,0x00000007bf500000,0x00000007bf500000)
  from space 4608K, 0% used [0x00000007bfa80000,0x00000007bfa80000,0x00000007bff00000)
  to   space 5120K, 0% used [0x00000007bf500000,0x00000007bf500000,0x00000007bfa00000)
 ParOldGen       total 172032K, used 2231K [0x00000006c5e00000, 0x00000006d0600000, 0x000000076ca00000)
  object space 172032K, 1% used [0x00000006c5e00000,0x00000006c602dc68,0x00000006d0600000)
 Metaspace       used 11087K, capacity 11338K, committed 11648K, reserved 1060864K
  class space    used 998K, capacity 1086K, committed 1152K, reserved 1048576K
Event: 2.958 GC heap after
Heap after GC invocations=15 (full 0):
 PSYoungGen      total 1359872K, used 0K [0x000000076ca00000, 0x00000007c0000000, 0x00000007c0000000)
  eden space 1354752K, 0% used [0x000000076ca00000,0x000000076ca00000,0x00000007bf500000)
  from space 5120K, 0% used [0x00000007bf500000,0x00000007bf500000,0x00000007bfa00000)
  to   space 5120K, 0% used [0x00000007bfb00000,0x00000007bfb00000,0x00000007c0000000)
 ParOldGen       total 172032K, used 2231K [0x00000006c5e00000, 0x00000006d0600000, 0x000000076ca00000)
  object space 172032K, 1% used [0x00000006c5e00000,0x00000006c602dc68,0x00000006d0600000)
 Metaspace       used 11087K, capacity 11338K, committed 11648K, reserved 1060864K
  class space    used 998K, capacity 1086K, committed 1152K, reserved 1048576K
}
Event: 3.182 GC heap before
{Heap before GC invocations=16 (full 0):
 PSYoungGen      total 1359872K, used 1354752K [0x000000076ca00000, 0x00000007c0000000, 0x00000007c0000000)
  eden space 1354752K, 100% used [0x000000076ca00000,0x00000007bf500000,0x00000007bf500000)
  from space 5120K, 0% used [0x00000007bf500000,0x00000007bf500000,0x00000007bfa00000)
  to   space 5120K, 0% used [0x00000007bfb00000,0x00000007bfb00000,0x00000007c0000000)
 ParOldGen       total 172032K, used 2231K [0x00000006c5e00000, 0x00000006d0600000, 0x000000076ca00000)
  object space 172032K, 1% used [0x00000006c5e00000,0x00000006c602dc68,0x00000006d0600000)
 Metaspace       used 11087K, capacity 11338K, committed 11648K, reserved 1060864K
  class space    used 998K, capacity 1086K, committed 1152K, reserved 1048576K
Event: 3.184 GC heap after
Heap after GC invocations=16 (full 0):
 PSYoungGen      total 1360896K, used 0K [0x000000076ca00000, 0x00000007c0000000, 0x00000007c0000000)
  eden space 1355776K, 0% used [0x000000076ca00000,0x000000076ca00000,0x00000007bf600000)
  from space 5120K, 0% used [0x00000007bfb00000,0x00000007bfb00000,0x00000007c0000000)
  to   space 5120K, 0% used [0x00000007bf600000,0x00000007bf600000,0x00000007bfb00000)
 ParOldGen       total 172032K, used 2231K [0x00000006c5e00000, 0x00000006d0600000, 0x000000076ca00000)
  object space 172032K, 1% used [0x00000006c5e00000,0x00000006c602dc68,0x00000006d0600000)
 Metaspace       used 11087K, capacity 11338K, committed 11648K, reserved 1060864K
  class space    used 998K, capacity 1086K, committed 1152K, reserved 1048576K
}
Event: 3.410 GC heap before
{Heap before GC invocations=17 (full 0):
 PSYoungGen      total 1360896K, used 1355776K [0x000000076ca00000, 0x00000007c0000000, 0x00000007c0000000)
  eden space 1355776K, 100% used [0x000000076ca00000,0x00000007bf600000,0x00000007bf600000)
  from space 5120K, 0% used [0x00000007bfb00000,0x00000007bfb00000,0x00000007c0000000)
  to   space 5120K, 0% used [0x00000007bf600000,0x00000007bf600000,0x00000007bfb00000)
 ParOldGen       total 172032K, used 2231K [0x00000006c5e00000, 0x00000006d0600000, 0x000000076ca00000)
  object space 172032K, 1% used [0x00000006c5e00000,0x00000006c602dc68,0x00000006d0600000)
 Metaspace       used 11087K, capacity 11338K, committed 11648K, reserved 1060864K
  class space    used 998K, capacity 1086K, committed 1152K, reserved 1048576K
Event: 3.412 GC heap after
Heap after GC invocations=17 (full 0):
 PSYoungGen      total 1356288K, used 32K [0x000000076ca00000, 0x00000007bff00000, 0x00000007c0000000)
  eden space 1355776K, 0% used [0x000000076ca00000,0x000000076ca00000,0x00000007bf600000)
  from space 512K, 6% used [0x00000007bf600000,0x00000007bf608000,0x00000007bf680000)
  to   space 4608K, 0% used [0x00000007bfa80000,0x00000007bfa80000,0x00000007bff00000)
 ParOldGen       total 172032K, used 2231K [0x00000006c5e00000, 0x00000006d0600000, 0x000000076ca00000)
  object space 172032K, 1% used [0x00000006c5e00000,0x00000006c602dc68,0x00000006d0600000)
 Metaspace       used 11087K, capacity 11338K, committed 11648K, reserved 1060864K
  class space    used 998K, capacity 1086K, committed 1152K, reserved 1048576K
}
Event: 3.637 GC heap before
{Heap before GC invocations=18 (full 0):
 PSYoungGen      total 1356288K, used 1355808K [0x000000076ca00000, 0x00000007bff00000, 0x00000007c0000000)
  eden space 1355776K, 100% used [0x000000076ca00000,0x00000007bf600000,0x00000007bf600000)
  from space 512K, 6% used [0x00000007bf600000,0x00000007bf608000,0x00000007bf680000)
  to   space 4608K, 0% used [0x00000007bfa80000,0x00000007bfa80000,0x00000007bff00000)
 ParOldGen       total 172032K, used 2231K [0x00000006c5e00000, 0x00000006d0600000, 0x000000076ca00000)
  object space 172032K, 1% used [0x00000006c5e00000,0x00000006c602dc68,0x00000006d0600000)
 Metaspace       used 11087K, capacity 11338K, committed 11648K, reserved 1060864K
  class space    used 998K, capacity 1086K, committed 1152K, reserved 1048576K
Event: 3.639 GC heap after
Heap after GC invocations=18 (full 0):
 PSYoungGen      total 1360384K, used 0K [0x000000076ca00000, 0x00000007c0000000, 0x00000007c0000000)
  eden space 1355776K, 0% used [0x000000076ca00000,0x000000076ca00000,0x00000007bf600000)
  from space 4608K, 0% used [0x00000007bfa80000,0x00000007bfa80000,0x00000007bff00000)
  to   space 4608K, 0% used [0x00000007bf600000,0x00000007bf600000,0x00000007bfa80000)
 ParOldGen       total 172032K, used 2231K [0x00000006c5e00000, 0x00000006d0600000, 0x000000076ca00000)
  object space 172032K, 1% used [0x00000006c5e00000,0x00000006c602dc68,0x00000006d0600000)
 Metaspace       used 11087K, capacity 11338K, committed 11648K, reserved 1060864K
  class space    used 998K, capacity 1086K, committed 1152K, reserved 1048576K
}
Event: 3.871 GC heap before
{Heap before GC invocations=19 (full 0):
 PSYoungGen      total 1360384K, used 1355776K [0x000000076ca00000, 0x00000007c0000000, 0x00000007c0000000)
  eden space 1355776K, 100% used [0x000000076ca00000,0x00000007bf600000,0x00000007bf600000)
  from space 4608K, 0% used [0x00000007bfa80000,0x00000007bfa80000,0x00000007bff00000)
  to   space 4608K, 0% used [0x00000007bf600000,0x00000007bf600000,0x00000007bfa80000)
 ParOldGen       total 172032K, used 2231K [0x00000006c5e00000, 0x00000006d0600000, 0x000000076ca00000)
  object space 172032K, 1% used [0x00000006c5e00000,0x00000006c602dc68,0x00000006d0600000)
 Metaspace       used 11087K, capacity 11338K, committed 11648K, reserved 1060864K
  class space    used 998K, capacity 1086K, committed 1152K, reserved 1048576K
Event: 3.873 GC heap after
Heap after GC invocations=19 (full 0):
 PSYoungGen      total 1291776K, used 0K [0x000000076ca00000, 0x00000007bfb00000, 0x00000007c0000000)
  eden space 1291264K, 0% used [0x000000076ca00000,0x000000076ca00000,0x00000007bb700000)
  from space 512K, 0% used [0x00000007bf600000,0x00000007bf600000,0x00000007bf680000)
  to   space 4096K, 0% used [0x00000007bf700000,0x00000007bf700000,0x00000007bfb00000)
 ParOldGen       total 172032K, used 2231K [0x00000006c5e00000, 0x00000006d0600000, 0x000000076ca00000)
  object space 172032K, 1% used [0x00000006c5e00000,0x00000006c602dc68,0x00000006d0600000)
 Metaspace       used 11087K, capacity 11338K, committed 11648K, reserved 1060864K
  class space    used 998K, capacity 1086K, committed 1152K, reserved 1048576K
}
Event: 4.085 GC heap before
{Heap before GC invocations=20 (full 0):
 PSYoungGen      total 1291776K, used 1291264K [0x000000076ca00000, 0x00000007bfb00000, 0x00000007c0000000)
  eden space 1291264K, 100% used [0x000000076ca00000,0x00000007bb700000,0x00000007bb700000)
  from space 512K, 0% used [0x00000007bf600000,0x00000007bf600000,0x00000007bf680000)
  to   space 4096K, 0% used [0x00000007bf700000,0x00000007bf700000,0x00000007bfb00000)
 ParOldGen       total 172032K, used 2231K [0x00000006c5e00000, 0x00000006d0600000, 0x000000076ca00000)
  object space 172032K, 1% used [0x00000006c5e00000,0x00000006c602dc68,0x00000006d0600000)
 Metaspace       used 11087K, capacity 11338K, committed 11648K, reserved 1060864K
  class space    used 998K, capacity 1086K, committed 1152K, reserved 1048576K
Event: 4.086 GC heap after
Heap after GC invocations=20 (full 0):
 PSYoungGen      total 1230336K, used 0K [0x000000076ca00000, 0x00000007bf780000, 0x00000007c0000000)
  eden space 1229824K, 0% used [0x000000076ca00000,0x000000076ca00000,0x00000007b7b00000)
  from space 512K, 0% used [0x00000007bf700000,0x00000007bf700000,0x00000007bf780000)
  to   space 4096K, 0% used [0x00000007bef80000,0x00000007bef80000,0x00000007bf380000)
 ParOldGen       total 172032K, used 2231K [0x00000006c5e00000, 0x00000006d0600000, 0x000000076ca00000)
  object space 172032K, 1% used [0x00000006c5e00000,0x00000006c602dc68,0x00000006d0600000)
 Metaspace       used 11087K, capacity 11338K, committed 11648K, reserved 1060864K
  class space    used 998K, capacity 1086K, committed 1152K, reserved 1048576K
}
Event: 4.281 GC heap before
{Heap before GC invocations=21 (full 0):
 PSYoungGen      total 1230336K, used 1229824K [0x000000076ca00000, 0x00000007bf780000, 0x00000007c0000000)
  eden space 1229824K, 100% used [0x000000076ca00000,0x00000007b7b00000,0x00000007b7b00000)
  from space 512K, 0% used [0x00000007bf700000,0x00000007bf700000,0x00000007bf780000)
  to   space 4096K, 0% used [0x00000007bef80000,0x00000007bef80000,0x00000007bf380000)
 ParOldGen       total 172032K, used 2231K [0x00000006c5e00000, 0x00000006d0600000, 0x000000076ca00000)
  object space 172032K, 1% used [0x00000006c5e00000,0x00000006c602dc68,0x00000006d0600000)
 Metaspace       used 11087K, capacity 11338K, committed 11648K, reserved 1060864K
  class space    used 998K, capacity 1086K, committed 1152K, reserved 1048576K
Event: 4.283 GC heap after
Heap after GC invocations=21 (full 0):
 PSYoungGen      total 1175552K, used 32K [0x000000076ca00000, 0x00000007bf780000, 0x00000007c0000000)
  eden space 1171456K, 0% used [0x000000076ca00000,0x000000076ca00000,0x00000007b4200000)
  from space 4096K, 0% used [0x00000007bef80000,0x00000007bef88000,0x00000007bf380000)
  to   space 3584K, 0% used [0x00000007bf400000,0x00000007bf400000,0x00000007bf780000)
 ParOldGen       total 172032K, used 2231K [0x00000006c5e00000, 0x00000006d0600000, 0x000000076ca00000)
  object space 172032K, 1% used [0x00000006c5e00000,0x00000006c602dc68,0x00000006d0600000)
 Metaspace       used 11087K, capacity 11338K, committed 11648K, reserved 1060864K
  class space    used 998K, capacity 1086K, committed 1152K, reserved 1048576K
}
Event: 4.468 GC heap before
{Heap before GC invocations=22 (full 0):
 PSYoungGen      total 1175552K, used 1171488K [0x000000076ca00000, 0x00000007bf780000, 0x00000007c0000000)
  eden space 1171456K, 100% used [0x000000076ca00000,0x00000007b4200000,0x00000007b4200000)
  from space 4096K, 0% used [0x00000007bef80000,0x00000007bef88000,0x00000007bf380000)
  to   space 3584K, 0% used [0x00000007bf400000,0x00000007bf400000,0x00000007bf780000)
 ParOldGen       total 172032K, used 2231K [0x00000006c5e00000, 0x00000006d0600000, 0x000000076ca00000)
  object space 172032K, 1% used [0x00000006c5e00000,0x00000006c602dc68,0x00000006d0600000)
 Metaspace       used 11087K, capacity 11338K, committed 11648K, reserved 1060864K
  class space    used 998K, capacity 1086K, committed 1152K, reserved 1048576K
Event: 4.470 GC heap after
Heap after GC invocations=22 (full 0):
 PSYoungGen      total 1116672K, used 32K [0x000000076ca00000, 0x00000007bf480000, 0x00000007c0000000)
  eden space 1116160K, 0% used [0x000000076ca00000,0x000000076ca00000,0x00000007b0c00000)
  from space 512K, 6% used [0x00000007bf400000,0x00000007bf408000,0x00000007bf480000)
  to   space 3584K, 0% used [0x00000007bed80000,0x00000007bed80000,0x00000007bf100000)
 ParOldGen       total 172032K, used 2231K [0x00000006c5e00000, 0x00000006d0600000, 0x000000076ca00000)
  object space 172032K, 1% used [0x00000006c5e00000,0x00000006c602dc68,0x00000006d0600000)
 Metaspace       used 11087K, capacity 11338K, committed 11648K, reserved 1060864K
  class space    used 998K, capacity 1086K, committed 1152K, reserved 1048576K
}
Event: 4.654 GC heap before
{Heap before GC invocations=23 (full 0):
 PSYoungGen      total 1116672K, used 1116192K [0x000000076ca00000, 0x00000007bf480000, 0x00000007c0000000)
  eden space 1116160K, 100% used [0x000000076ca00000,0x00000007b0c00000,0x00000007b0c00000)
  from space 512K, 6% used [0x00000007bf400000,0x00000007bf408000,0x00000007bf480000)
  to   space 3584K, 0% used [0x00000007bed80000,0x00000007bed80000,0x00000007bf100000)
 ParOldGen       total 172032K, used 2231K [0x00000006c5e00000, 0x00000006d0600000, 0x000000076ca00000)
  object space 172032K, 1% used [0x00000006c5e00000,0x00000006c602dc68,0x00000006d0600000)
 Metaspace       used 11087K, capacity 11338K, committed 11648K, reserved 1060864K
  class space    used 998K, capacity 1086K, committed 1152K, reserved 1048576K
Event: 4.656 GC heap after
Heap after GC invocations=23 (full 0):
 PSYoungGen      total 1067008K, used 0K [0x000000076ca00000, 0x00000007bf480000, 0x00000007c0000000)
  eden space 1063424K, 0% used [0x000000076ca00000,0x000000076ca00000,0x00000007ad880000)
  from space 3584K, 0% used [0x00000007bed80000,0x00000007bed80000,0x00000007bf100000)
  to   space 3584K, 0% used [0x00000007bf100000,0x00000007bf100000,0x00000007bf480000)
 ParOldGen       total 172032K, used 2231K [0x00000006c5e00000, 0x00000006d0600000, 0x000000076ca00000)
  object space 172032K, 1% used [0x00000006c5e00000,0x00000006c602dc68,0x00000006d0600000)
 Metaspace       used 11087K, capacity 11338K, committed 11648K, reserved 1060864K
  class space    used 998K, capacity 1086K, committed 1152K, reserved 1048576K
}
Event: 4.834 GC heap before
{Heap before GC invocations=24 (full 0):
 PSYoungGen      total 1067008K, used 1063424K [0x000000076ca00000, 0x00000007bf480000, 0x00000007c0000000)
  eden space 1063424K, 100% used [0x000000076ca00000,0x00000007ad880000,0x00000007ad880000)
  from space 3584K, 0% used [0x00000007bed80000,0x00000007bed80000,0x00000007bf100000)
  to   space 3584K, 0% used [0x00000007bf100000,0x00000007bf100000,0x00000007bf480000)
 ParOldGen       total 172032K, used 2231K [0x00000006c5e00000, 0x00000006d0600000, 0x000000076ca00000)
  object space 172032K, 1% used [0x00000006c5e00000,0x00000006c602dc68,0x00000006d0600000)
 Metaspace       used 11087K, capacity 11338K, committed 11648K, reserved 1060864K
  class space    used 998K, capacity 1086K, committed 1152K, reserved 1048576K
Event: 4.837 GC heap after
Heap after GC invocations=24 (full 0):
 PSYoungGen      total 1351168K, used 32K [0x000000076ca00000, 0x00000007bff00000, 0x00000007c0000000)
  eden space 1347584K, 0% used [0x000000076ca00000,0x000000076ca00000,0x00000007bee00000)
  from space 3584K, 0% used [0x00000007bf100000,0x00000007bf108000,0x00000007bf480000)
  to   space 3072K, 0% used [0x00000007bee00000,0x00000007bee00000,0x00000007bf100000)
 ParOldGen       total 172032K, used 2231K [0x00000006c5e00000, 0x00000006d0600000, 0x000000076ca00000)
  object space 172032K, 1% used [0x00000006c5e00000,0x00000006c602dc68,0x00000006d0600000)
 Metaspace       used 11087K, capacity 11338K, committed 11648K, reserved 1060864K
  class space    used 998K, capacity 1086K, committed 1152K, reserved 1048576K
}
Event: 5.065 GC heap before
{Heap before GC invocations=25 (full 0):
 PSYoungGen      total 1351168K, used 1347616K [0x000000076ca00000, 0x00000007bff00000, 0x00000007c0000000)
  eden space 1347584K, 100% used [0x000000076ca00000,0x00000007bee00000,0x00000007bee00000)
  from space 3584K, 0% used [0x00000007bf100000,0x00000007bf108000,0x00000007bf480000)
  to   space 3072K, 0% used [0x00000007bee00000,0x00000007bee00000,0x00000007bf100000)
 ParOldGen       total 172032K, used 2231K [0x00000006c5e00000, 0x00000006d0600000, 0x000000076ca00000)
  object space 172032K, 1% used [0x00000006c5e00000,0x00000006c602dc68,0x00000006d0600000)
 Metaspace       used 11087K, capacity 11338K, committed 11648K, reserved 1060864K
  class space    used 998K, capacity 1086K, committed 1152K, reserved 1048576K
Event: 5.068 GC heap after
Heap after GC invocations=25 (full 0):
 PSYoungGen      total 1350656K, used 0K [0x000000076ca00000, 0x00000007bff80000, 0x00000007c0000000)
  eden space 1347584K, 0% used [0x000000076ca00000,0x000000076ca00000,0x00000007bee00000)
  from space 3072K, 0% used [0x00000007bee00000,0x00000007bee00000,0x00000007bf100000)
  to   space 3072K, 0% used [0x00000007bfc80000,0x00000007bfc80000,0x00000007bff80000)
 ParOldGen       total 172032K, used 2231K [0x00000006c5e00000, 0x00000006d0600000, 0x000000076ca00000)
  object space 172032K, 1% used [0x00000006c5e00000,0x00000006c602dc68,0x00000006d0600000)
 Metaspace       used 11087K, capacity 11338K, committed 11648K, reserved 1060864K
  class space    used 998K, capacity 1086K, committed 1152K, reserved 1048576K
}
Event: 5.294 GC heap before
{Heap before GC invocations=26 (full 0):
 PSYoungGen      total 1350656K, used 1347584K [0x000000076ca00000, 0x00000007bff80000, 0x00000007c0000000)
  eden space 1347584K, 100% used [0x000000076ca00000,0x00000007bee00000,0x00000007bee00000)
  from space 3072K, 0% used [0x00000007bee00000,0x00000007bee00000,0x00000007bf100000)
  to   space 3072K, 0% used [0x00000007bfc80000,0x00000007bfc80000,0x00000007bff80000)
 ParOldGen       total 172032K, used 2231K [0x00000006c5e00000, 0x00000006d0600000, 0x000000076ca00000)
  object space 172032K, 1% used [0x00000006c5e00000,0x00000006c602dc68,0x00000006d0600000)
 Metaspace       used 11087K, capacity 11338K, committed 11648K, reserved 1060864K
  class space    used 998K, capacity 1086K, committed 1152K, reserved 1048576K
Event: 5.295 GC heap after
Heap after GC invocations=26 (full 0):
 PSYoungGen      total 1284096K, used 0K [0x000000076ca00000, 0x00000007bfd00000, 0x00000007c0000000)
  eden space 1283584K, 0% used [0x000000076ca00000,0x000000076ca00000,0x00000007baf80000)
  from space 512K, 0% used [0x00000007bfc80000,0x00000007bfc80000,0x00000007bfd00000)
  to   space 3072K, 0% used [0x00000007bf700000,0x00000007bf700000,0x00000007bfa00000)
 ParOldGen       total 172032K, used 2231K [0x00000006c5e00000, 0x00000006d0600000, 0x000000076ca00000)
  object space 172032K, 1% used [0x00000006c5e00000,0x00000006c602dc68,0x00000006d0600000)
 Metaspace       used 11087K, capacity 11338K, committed 11648K, reserved 1060864K
  class space    used 998K, capacity 1086K, committed 1152K, reserved 1048576K
}
Event: 5.509 GC heap before
{Heap before GC invocations=27 (full 0):
 PSYoungGen      total 1284096K, used 1283584K [0x000000076ca00000, 0x00000007bfd00000, 0x00000007c0000000)
  eden space 1283584K, 100% used [0x000000076ca00000,0x00000007baf80000,0x00000007baf80000)
  from space 512K, 0% used [0x00000007bfc80000,0x00000007bfc80000,0x00000007bfd00000)
  to   space 3072K, 0% used [0x00000007bf700000,0x00000007bf700000,0x00000007bfa00000)
 ParOldGen       total 172032K, used 2231K [0x00000006c5e00000, 0x00000006d0600000, 0x000000076ca00000)
  object space 172032K, 1% used [0x00000006c5e00000,0x00000006c602dc68,0x00000006d0600000)
 Metaspace       used 11087K, capacity 11338K, committed 11648K, reserved 1060864K
  class space    used 998K, capacity 1086K, committed 1152K, reserved 1048576K
Event: 5.512 GC heap after
Heap after GC invocations=27 (full 0):
 PSYoungGen      total 1359872K, used 0K [0x000000076ca00000, 0x00000007c0000000, 0x00000007c0000000)
  eden space 1356800K, 0% used [0x000000076ca00000,0x000000076ca00000,0x00000007bf700000)
  from space 3072K, 0% used [0x00000007bf700000,0x00000007bf700000,0x00000007bfa00000)
  to   space 2560K, 0% used [0x00000007bfd80000,0x00000007bfd80000,0x00000007c0000000)
 ParOldGen       total 172032K, used 2231K [0x00000006c5e00000, 0x00000006d0600000, 0x000000076ca00000)
  object space 172032K, 1% used [0x00000006c5e00000,0x00000006c602dc68,0x00000006d0600000)
 Metaspace       used 11087K, capacity 11338K, committed 11648K, reserved 1060864K
  class space    used 998K, capacity 1086K, committed 1152K, reserved 1048576K
}
Event: 5.740 GC heap before
{Heap before GC invocations=28 (full 0):
 PSYoungGen      total 1359872K, used 1356800K [0x000000076ca00000, 0x00000007c0000000, 0x00000007c0000000)
  eden space 1356800K, 100% used [0x000000076ca00000,0x00000007bf700000,0x00000007bf700000)
  from space 3072K, 0% used [0x00000007bf700000,0x00000007bf700000,0x00000007bfa00000)
  to   space 2560K, 0% used [0x00000007bfd80000,0x00000007bfd80000,0x00000007c0000000)
 ParOldGen       total 172032K, used 2231K [0x00000006c5e00000, 0x00000006d0600000, 0x000000076ca00000)
  object space 172032K, 1% used [0x00000006c5e00000,0x00000006c602dc68,0x00000006d0600000)
 Metaspace       used 11087K, capacity 11338K, committed 11648K, reserved 1060864K
  class space    used 998K, capacity 1086K, committed 1152K, reserved 1048576K
Event: 5.742 GC heap after
Heap after GC invocations=28 (full 0):
 PSYoungGen      total 1362432K, used 0K [0x000000076ca00000, 0x00000007bff80000, 0x00000007c0000000)
  eden space 1360384K, 0% used [0x000000076ca00000,0x000000076ca00000,0x00000007bfa80000)
  from space 2048K, 0% used [0x00000007bfd80000,0x00000007bfd80000,0x00000007bff80000)
  to   space 2560K, 0% used [0x00000007bfa80000,0x00000007bfa80000,0x00000007bfd00000)
 ParOldGen       total 172032K, used 2231K [0x00000006c5e00000, 0x00000006d0600000, 0x000000076ca00000)
  object space 172032K, 1% used [0x00000006c5e00000,0x00000006c602dc68,0x00000006d0600000)
 Metaspace       used 11087K, capacity 11338K, committed 11648K, reserved 1060864K
  class space    used 998K, capacity 1086K, committed 1152K, reserved 1048576K
}
Event: 5.976 GC heap before
{Heap before GC invocations=29 (full 0):
 PSYoungGen      total 1362432K, used 1360384K [0x000000076ca00000, 0x00000007bff80000, 0x00000007c0000000)
  eden space 1360384K, 100% used [0x000000076ca00000,0x00000007bfa80000,0x00000007bfa80000)
  from space 2048K, 0% used [0x00000007bfd80000,0x00000007bfd80000,0x00000007bff80000)
  to   space 2560K, 0% used [0x00000007bfa80000,0x00000007bfa80000,0x00000007bfd00000)
 ParOldGen       total 172032K, used 2231K [0x00000006c5e00000, 0x00000006d0600000, 0x000000076ca00000)
  object space 172032K, 1% used [0x00000006c5e00000,0x00000006c602dc68,0x00000006d0600000)
 Metaspace       used 11087K, capacity 11338K, committed 11648K, reserved 1060864K
  class space    used 998K, capacity 1086K, committed 1152K, reserved 1048576K
Event: 5.978 GC heap after
Heap after GC invocations=29 (full 0):
 PSYoungGen      total 1296384K, used 0K [0x000000076ca00000, 0x00000007bfe00000, 0x00000007c0000000)
  eden space 1295872K, 0% used [0x000000076ca00000,0x000000076ca00000,0x00000007bbb80000)
  from space 512K, 0% used [0x00000007bfa80000,0x00000007bfa80000,0x00000007bfb00000)
  to   space 2560K, 0% used [0x00000007bfb80000,0x00000007bfb80000,0x00000007bfe00000)
 ParOldGen       total 172032K, used 2231K [0x00000006c5e00000, 0x00000006d0600000, 0x000000076ca00000)
  object space 172032K, 1% used [0x00000006c5e00000,0x00000006c602dc68,0x00000006d0600000)
 Metaspace       used 11087K, capacity 11338K, committed 11648K, reserved 1060864K
  class space    used 998K, capacity 1086K, committed 1152K, reserved 1048576K
}
Event: 6.208 GC heap before
{Heap before GC invocations=30 (full 0):
 PSYoungGen      total 1296384K, used 1295872K [0x000000076ca00000, 0x00000007bfe00000, 0x00000007c0000000)
  eden space 1295872K, 100% used [0x000000076ca00000,0x00000007bbb80000,0x00000007bbb80000)
  from space 512K, 0% used [0x00000007bfa80000,0x00000007bfa80000,0x00000007bfb00000)
  to   space 2560K, 0% used [0x00000007bfb80000,0x00000007bfb80000,0x00000007bfe00000)
 ParOldGen       total 172032K, used 2231K [0x00000006c5e00000, 0x00000006d0600000, 0x000000076ca00000)
  object space 172032K, 1% used [0x00000006c5e00000,0x00000006c602dc68,0x00000006d0600000)
 Metaspace       used 11087K, capacity 11338K, committed 11648K, reserved 1060864K
  class space    used 998K, capacity 1086K, committed 1152K, reserved 1048576K
Event: 6.210 GC heap after
Heap after GC invocations=30 (full 0):
 PSYoungGen      total 1234944K, used 0K [0x000000076ca00000, 0x00000007bfc00000, 0x00000007c0000000)
  eden space 1234432K, 0% used [0x000000076ca00000,0x000000076ca00000,0x00000007b7f80000)
  from space 512K, 0% used [0x00000007bfb80000,0x00000007bfb80000,0x00000007bfc00000)
  to   space 2048K, 0% used [0x00000007bf800000,0x00000007bf800000,0x00000007bfa00000)
 ParOldGen       total 172032K, used 2231K [0x00000006c5e00000, 0x00000006d0600000, 0x000000076ca00000)
  object space 172032K, 1% used [0x00000006c5e00000,0x00000006c602dc68,0x00000006d0600000)
 Metaspace       used 11087K, capacity 11338K, committed 11648K, reserved 1060864K
  class space    used 998K, capacity 1086K, committed 1152K, reserved 1048576K
}
Event: 6.428 GC heap before
{Heap before GC invocations=31 (full 0):
 PSYoungGen      total 1234944K, used 1234432K [0x000000076ca00000, 0x00000007bfc00000, 0x00000007c0000000)
  eden space 1234432K, 100% used [0x000000076ca00000,0x00000007b7f80000,0x00000007b7f80000)
  from space 512K, 0% used [0x00000007bfb80000,0x00000007bfb80000,0x00000007bfc00000)
  to   space 2048K, 0% used [0x00000007bf800000,0x00000007bf800000,0x00000007bfa00000)
 ParOldGen       total 172032K, used 2231K [0x00000006c5e00000, 0x00000006d0600000, 0x000000076ca00000)
  object space 172032K, 1% used [0x00000006c5e00000,0x00000006c602dc68,0x00000006d0600000)
 Metaspace       used 11087K, capacity 11338K, committed 11648K, reserved 1060864K
  class space    used 998K, capacity 1086K, committed 1152K, reserved 1048576K
Event: 6.430 GC heap after
Heap after GC invocations=31 (full 0):
 PSYoungGen      total 1178112K, used 0K [0x000000076ca00000, 0x00000007bfc00000, 0x00000007c0000000)
  eden space 1176064K, 0% used [0x000000076ca00000,0x000000076ca00000,0x00000007b4680000)
  from space 2048K, 0% used [0x00000007bf800000,0x00000007bf800000,0x00000007bfa00000)
  to   space 2048K, 0% used [0x00000007bfa00000,0x00000007bfa00000,0x00000007bfc00000)
 ParOldGen       total 172032K, used 2231K [0x00000006c5e00000, 0x00000006d0600000, 0x000000076ca00000)
  object space 172032K, 1% used [0x00000006c5e00000,0x00000006c602dc68,0x00000006d0600000)
 Metaspace       used 11087K, capacity 11338K, committed 11648K, reserved 1060864K
  class space    used 998K, capacity 1086K, committed 1152K, reserved 1048576K
}
Event: 6.626 GC heap before
{Heap before GC invocations=32 (full 0):
 PSYoungGen      total 1178112K, used 1176064K [0x000000076ca00000, 0x00000007bfc00000, 0x00000007c0000000)
  eden space 1176064K, 100% used [0x000000076ca00000,0x00000007b4680000,0x00000007b4680000)
  from space 2048K, 0% used [0x00000007bf800000,0x00000007bf800000,0x00000007bfa00000)
  to   space 2048K, 0% used [0x00000007bfa00000,0x00000007bfa00000,0x00000007bfc00000)
 ParOldGen       total 172032K, used 2231K [0x00000006c5e00000, 0x00000006d0600000, 0x000000076ca00000)
  object space 172032K, 1% used [0x00000006c5e00000,0x00000006c602dc68,0x00000006d0600000)
 Metaspace       used 11087K, capacity 11338K, committed 11648K, reserved 1060864K
  class space    used 998K, capacity 1086K, committed 1152K, reserved 1048576K
Event: 6.627 GC heap after
Heap after GC invocations=32 (full 0):
 PSYoungGen      total 1121280K, used 32K [0x000000076ca00000, 0x00000007bfa80000, 0x00000007c0000000)
  eden space 1120768K, 0% used [0x000000076ca00000,0x000000076ca00000,0x00000007b1080000)
  from space 512K, 6% used [0x00000007bfa00000,0x00000007bfa08000,0x00000007bfa80000)
  to   space 2048K, 0% used [0x00000007bf680000,0x00000007bf680000,0x00000007bf880000)
 ParOldGen       total 172032K, used 2231K [0x00000006c5e00000, 0x00000006d0600000, 0x000000076ca00000)
  object space 172032K, 1% used [0x00000006c5e00000,0x00000006c602dc68,0x00000006d0600000)
 Metaspace       used 11087K, capacity 11338K, committed 11648K, reserved 1060864K
  class space    used 998K, capacity 1086K, committed 1152K, reserved 1048576K
}
Event: 6.822 GC heap before
{Heap before GC invocations=33 (full 0):
 PSYoungGen      total 1121280K, used 1120800K [0x000000076ca00000, 0x00000007bfa80000, 0x00000007c0000000)
  eden space 1120768K, 100% used [0x000000076ca00000,0x00000007b1080000,0x00000007b1080000)
  from space 512K, 6% used [0x00000007bfa00000,0x00000007bfa08000,0x00000007bfa80000)
  to   space 2048K, 0% used [0x00000007bf680000,0x00000007bf680000,0x00000007bf880000)
 ParOldGen       total 172032K, used 2231K [0x00000006c5e00000, 0x00000006d0600000, 0x000000076ca00000)
  object space 172032K, 1% used [0x00000006c5e00000,0x00000006c602dc68,0x00000006d0600000)
 Metaspace       used 11087K, capacity 11338K, committed 11648K, reserved 1060864K
  class space    used 998K, capacity 1086K, committed 1152K, reserved 1048576K
Event: 6.823 GC heap after
Heap after GC invocations=33 (full 0):
 PSYoungGen      total 1070080K, used 0K [0x000000076ca00000, 0x00000007bfa80000, 0x00000007c0000000)
  eden space 1068032K, 0% used [0x000000076ca00000,0x000000076ca00000,0x00000007add00000)
  from space 2048K, 0% used [0x00000007bf680000,0x00000007bf680000,0x00000007bf880000)
  to   space 2048K, 0% used [0x00000007bf880000,0x00000007bf880000,0x00000007bfa80000)
 ParOldGen       total 172032K, used 2231K [0x00000006c5e00000, 0x00000006d0600000, 0x000000076ca00000)
  object space 172032K, 1% used [0x00000006c5e00000,0x00000006c602dc68,0x00000006d0600000)
 Metaspace       used 11087K, capacity 11338K, committed 11648K, reserved 1060864K
  class space    used 998K, capacity 1086K, committed 1152K, reserved 1048576K
}
Event: 6.994 GC heap before
{Heap before GC invocations=34 (full 0):
 PSYoungGen      total 1070080K, used 1068032K [0x000000076ca00000, 0x00000007bfa80000, 0x00000007c0000000)
  eden space 1068032K, 100% used [0x000000076ca00000,0x00000007add00000,0x00000007add00000)
  from space 2048K, 0% used [0x00000007bf680000,0x00000007bf680000,0x00000007bf880000)
  to   space 2048K, 0% used [0x00000007bf880000,0x00000007bf880000,0x00000007bfa80000)
 ParOldGen       total 172032K, used 2231K [0x00000006c5e00000, 0x00000006d0600000, 0x000000076ca00000)
  object space 172032K, 1% used [0x00000006c5e00000,0x00000006c602dc68,0x00000006d0600000)
 Metaspace       used 11087K, capacity 11338K, committed 11648K, reserved 1060864K
  class space    used 998K, capacity 1086K, committed 1152K, reserved 1048576K
Event: 6.996 GC heap after
Heap after GC invocations=34 (full 0):
 PSYoungGen      total 1018368K, used 0K [0x000000076ca00000, 0x00000007bf900000, 0x00000007c0000000)
  eden space 1017856K, 0% used [0x000000076ca00000,0x000000076ca00000,0x00000007aac00000)
  from space 512K, 0% used [0x00000007bf880000,0x00000007bf880000,0x00000007bf900000)
  to   space 1536K, 0% used [0x00000007bf600000,0x00000007bf600000,0x00000007bf780000)
 ParOldGen       total 172032K, used 2231K [0x00000006c5e00000, 0x00000006d0600000, 0x000000076ca00000)
  object space 172032K, 1% used [0x00000006c5e00000,0x00000006c602dc68,0x00000006d0600000)
 Metaspace       used 11087K, capacity 11338K, committed 11648K, reserved 1060864K
  class space    used 998K, capacity 1086K, committed 1152K, reserved 1048576K
}
Event: 7.163 GC heap before
{Heap before GC invocations=35 (full 0):
 PSYoungGen      total 1018368K, used 1017856K [0x000000076ca00000, 0x00000007bf900000, 0x00000007c0000000)
  eden space 1017856K, 100% used [0x000000076ca00000,0x00000007aac00000,0x00000007aac00000)
  from space 512K, 0% used [0x00000007bf880000,0x00000007bf880000,0x00000007bf900000)
  to   space 1536K, 0% used [0x00000007bf600000,0x00000007bf600000,0x00000007bf780000)
 ParOldGen       total 172032K, used 2231K [0x00000006c5e00000, 0x00000006d0600000, 0x000000076ca00000)
  object space 172032K, 1% used [0x00000006c5e00000,0x00000006c602dc68,0x00000006d0600000)
 Metaspace       used 11087K, capacity 11338K, committed 11648K, reserved 1060864K
  class space    used 998K, capacity 1086K, committed 1152K, reserved 1048576K
Event: 7.165 GC heap after
Heap after GC invocations=35 (full 0):
 PSYoungGen      total 971776K, used 32K [0x000000076ca00000, 0x00000007bf900000, 0x00000007c0000000)
  eden space 970240K, 0% used [0x000000076ca00000,0x000000076ca00000,0x00000007a7d80000)
  from space 1536K, 2% used [0x00000007bf600000,0x00000007bf608000,0x00000007bf780000)
  to   space 1536K, 0% used [0x00000007bf780000,0x00000007bf780000,0x00000007bf900000)
 ParOldGen       total 172032K, used 2231K [0x00000006c5e00000, 0x00000006d0600000, 0x000000076ca00000)
  object space 172032K, 1% used [0x00000006c5e00000,0x00000006c602dc68,0x00000006d0600000)
 Metaspace       used 11087K, capacity 11338K, committed 11648K, reserved 1060864K
  class space    used 998K, capacity 1086K, committed 1152K, reserved 1048576K
}
Event: 7.318 GC heap before
{Heap before GC invocations=36 (full 0):
 PSYoungGen      total 971776K, used 970272K [0x000000076ca00000, 0x00000007bf900000, 0x00000007c0000000)
  eden space 970240K, 100% used [0x000000076ca00000,0x00000007a7d80000,0x00000007a7d80000)
  from space 1536K, 2% used [0x00000007bf600000,0x00000007bf608000,0x00000007bf780000)
  to   space 1536K, 0% used [0x00000007bf780000,0x00000007bf780000,0x00000007bf900000)
 ParOldGen       total 172032K, used 2231K [0x00000006c5e00000, 0x00000006d0600000, 0x000000076ca00000)
  object space 172032K, 1% used [0x00000006c5e00000,0x00000006c602dc68,0x00000006d0600000)
 Metaspace       used 11087K, capacity 11338K, committed 11648K, reserved 1060864K
  class space    used 998K, capacity 1086K, committed 1152K, reserved 1048576K
Event: 7.320 GC heap after
Heap after GC invocations=36 (full 0):
 PSYoungGen      total 1213440K, used 32K [0x000000076ca00000, 0x00000007bf800000, 0x00000007c0000000)
  eden space 1212928K, 0% used [0x000000076ca00000,0x000000076ca00000,0x00000007b6a80000)
  from space 512K, 6% used [0x00000007bf780000,0x00000007bf788000,0x00000007bf800000)
  to   space 1536K, 0% used [0x00000007bf500000,0x00000007bf500000,0x00000007bf680000)
 ParOldGen       total 172032K, used 2231K [0x00000006c5e00000, 0x00000006d0600000, 0x000000076ca00000)
  object space 172032K, 1% used [0x00000006c5e00000,0x00000006c602dc68,0x00000006d0600000)
 Metaspace       used 11087K, capacity 11338K, committed 11648K, reserved 1060864K
  class space    used 998K, capacity 1086K, committed 1152K, reserved 1048576K
}
Event: 7.518 GC heap before
{Heap before GC invocations=37 (full 0):
 PSYoungGen      total 1213440K, used 1212960K [0x000000076ca00000, 0x00000007bf800000, 0x00000007c0000000)
  eden space 1212928K, 100% used [0x000000076ca00000,0x00000007b6a80000,0x00000007b6a80000)
  from space 512K, 6% used [0x00000007bf780000,0x00000007bf788000,0x00000007bf800000)
  to   space 1536K, 0% used [0x00000007bf500000,0x00000007bf500000,0x00000007bf680000)
 ParOldGen       total 172032K, used 2231K [0x00000006c5e00000, 0x00000006d0600000, 0x000000076ca00000)
  object space 172032K, 1% used [0x00000006c5e00000,0x00000006c602dc68,0x00000006d0600000)
 Metaspace       used 11087K, capacity 11338K, committed 11648K, reserved 1060864K
  class space    used 998K, capacity 1086K, committed 1152K, reserved 1048576K
Event: 7.520 GC heap after
Heap after GC invocations=37 (full 0):
 PSYoungGen      total 1157120K, used 0K [0x000000076ca00000, 0x00000007bf800000, 0x00000007c0000000)
  eden space 1155584K, 0% used [0x000000076ca00000,0x000000076ca00000,0x00000007b3280000)
  from space 1536K, 0% used [0x00000007bf500000,0x00000007bf500000,0x00000007bf680000)
  to   space 1536K, 0% used [0x00000007bf680000,0x00000007bf680000,0x00000007bf800000)
 ParOldGen       total 172032K, used 2231K [0x00000006c5e00000, 0x00000006d0600000, 0x000000076ca00000)
  object space 172032K, 1% used [0x00000006c5e00000,0x00000006c602dc68,0x00000006d0600000)
 Metaspace       used 11087K, capacity 11338K, committed 11648K, reserved 1060864K
  class space    used 998K, capacity 1086K, committed 1152K, reserved 1048576K
}
Event: 7.711 GC heap before
{Heap before GC invocations=38 (full 0):
 PSYoungGen      total 1157120K, used 1155584K [0x000000076ca00000, 0x00000007bf800000, 0x00000007c0000000)
  eden space 1155584K, 100% used [0x000000076ca00000,0x00000007b3280000,0x00000007b3280000)
  from space 1536K, 0% used [0x00000007bf500000,0x00000007bf500000,0x00000007bf680000)
  to   space 1536K, 0% used [0x00000007bf680000,0x00000007bf680000,0x00000007bf800000)
 ParOldGen       total 172032K, used 2231K [0x00000006c5e00000, 0x00000006d0600000, 0x000000076ca00000)
  object space 172032K, 1% used [0x00000006c5e00000,0x00000006c602dc68,0x00000006d0600000)
 Metaspace       used 11087K, capacity 11338K, committed 11648K, reserved 1060864K
  class space    used 998K, capacity 1086K, committed 1152K, reserved 1048576K
Event: 7.713 GC heap after
Heap after GC invocations=38 (full 0):
 PSYoungGen      total 1101824K, used 0K [0x000000076ca00000, 0x00000007bf700000, 0x00000007c0000000)
  eden space 1101312K, 0% used [0x000000076ca00000,0x000000076ca00000,0x00000007afd80000)
  from space 512K, 0% used [0x00000007bf680000,0x00000007bf680000,0x00000007bf700000)
  to   space 1536K, 0% used [0x00000007bf400000,0x00000007bf400000,0x00000007bf580000)
 ParOldGen       total 172032K, used 2231K [0x00000006c5e00000, 0x00000006d0600000, 0x000000076ca00000)
  object space 172032K, 1% used [0x00000006c5e00000,0x00000006c602dc68,0x00000006d0600000)
 Metaspace       used 11087K, capacity 11338K, committed 11648K, reserved 1060864K
  class space    used 998K, capacity 1086K, committed 1152K, reserved 1048576K
}
Event: 7.898 GC heap before
{Heap before GC invocations=39 (full 0):
 PSYoungGen      total 1101824K, used 1101312K [0x000000076ca00000, 0x00000007bf700000, 0x00000007c0000000)
  eden space 1101312K, 100% used [0x000000076ca00000,0x00000007afd80000,0x00000007afd80000)
  from space 512K, 0% used [0x00000007bf680000,0x00000007bf680000,0x00000007bf700000)
  to   space 1536K, 0% used [0x00000007bf400000,0x00000007bf400000,0x00000007bf580000)
 ParOldGen       total 172032K, used 2231K [0x00000006c5e00000, 0x00000006d0600000, 0x000000076ca00000)
  object space 172032K, 1% used [0x00000006c5e00000,0x00000006c602dc68,0x00000006d0600000)
 Metaspace       used 11087K, capacity 11338K, committed 11648K, reserved 1060864K
  class space    used 998K, capacity 1086K, committed 1152K, reserved 1048576K
Event: 7.900 GC heap after
Heap after GC invocations=39 (full 0):
 PSYoungGen      total 1355264K, used 32K [0x000000076ca00000, 0x00000007c0000000, 0x00000007c0000000)
  eden space 1353728K, 0% used [0x000000076ca00000,0x000000076ca00000,0x00000007bf400000)
  from space 1536K, 2% used [0x00000007bf400000,0x00000007bf408000,0x00000007bf580000)
  to   space 1024K, 0% used [0x00000007bff00000,0x00000007bff00000,0x00000007c0000000)
 ParOldGen       total 172032K, used 2231K [0x00000006c5e00000, 0x00000006d0600000, 0x000000076ca00000)
  object space 172032K, 1% used [0x00000006c5e00000,0x00000006c602dc68,0x00000006d0600000)
 Metaspace       used 11087K, capacity 11338K, committed 11648K, reserved 1060864K
  class space    used 998K, capacity 1086K, committed 1152K, reserved 1048576K
}
Event: 8.125 GC heap before
{Heap before GC invocations=40 (full 0):
 PSYoungGen      total 1355264K, used 1353760K [0x000000076ca00000, 0x00000007c0000000, 0x00000007c0000000)
  eden space 1353728K, 100% used [0x000000076ca00000,0x00000007bf400000,0x00000007bf400000)
  from space 1536K, 2% used [0x00000007bf400000,0x00000007bf408000,0x00000007bf580000)
  to   space 1024K, 0% used [0x00000007bff00000,0x00000007bff00000,0x00000007c0000000)
 ParOldGen       total 172032K, used 2231K [0x00000006c5e00000, 0x00000006d0600000, 0x000000076ca00000)
  object space 172032K, 1% used [0x00000006c5e00000,0x00000006c602dc68,0x00000006d0600000)
 Metaspace       used 11087K, capacity 11338K, committed 11648K, reserved 1060864K
  class space    used 998K, capacity 1086K, committed 1152K, reserved 1048576K
Event: 8.127 GC heap after
Heap after GC invocations=40 (full 0):
 PSYoungGen      total 1289728K, used 0K [0x000000076ca00000, 0x00000007bff80000, 0x00000007c0000000)
  eden space 1289216K, 0% used [0x000000076ca00000,0x000000076ca00000,0x00000007bb500000)
  from space 512K, 0% used [0x00000007bff00000,0x00000007bff00000,0x00000007bff80000)
  to   space 1024K, 0% used [0x00000007bfd80000,0x00000007bfd80000,0x00000007bfe80000)
 ParOldGen       total 172032K, used 2231K [0x00000006c5e00000, 0x00000006d0600000, 0x000000076ca00000)
  object space 172032K, 1% used [0x00000006c5e00000,0x00000006c602dc68,0x00000006d0600000)
 Metaspace       used 11087K, capacity 11338K, committed 11648K, reserved 1060864K
  class space    used 998K, capacity 1086K, committed 1152K, reserved 1048576K
}
Event: 8.346 GC heap before
{Heap before GC invocations=41 (full 0):
 PSYoungGen      total 1289728K, used 1289216K [0x000000076ca00000, 0x00000007bff80000, 0x00000007c0000000)
  eden space 1289216K, 100% used [0x000000076ca00000,0x00000007bb500000,0x00000007bb500000)
  from space 512K, 0% used [0x00000007bff00000,0x00000007bff00000,0x00000007bff80000)
  to   space 1024K, 0% used [0x00000007bfd80000,0x00000007bfd80000,0x00000007bfe80000)
 ParOldGen       total 172032K, used 2231K [0x00000006c5e00000, 0x00000006d0600000, 0x000000076ca00000)
  object space 172032K, 1% used [0x00000006c5e00000,0x00000006c602dc68,0x00000006d0600000)
 Metaspace       used 11087K, capacity 11338K, committed 11648K, reserved 1060864K
  class space    used 998K, capacity 1086K, committed 1152K, reserved 1048576K
Event: 8.347 GC heap after
Heap after GC invocations=41 (full 0):
 PSYoungGen      total 1229312K, used 32K [0x000000076ca00000, 0x00000007bff80000, 0x00000007c0000000)
  eden space 1228288K, 0% used [0x000000076ca00000,0x000000076ca00000,0x00000007b7980000)
  from space 1024K, 3% used [0x00000007bfd80000,0x00000007bfd88000,0x00000007bfe80000)
  to   space 1024K, 0% used [0x00000007bfe80000,0x00000007bfe80000,0x00000007bff80000)
 ParOldGen       total 172032K, used 2231K [0x00000006c5e00000, 0x00000006d0600000, 0x000000076ca00000)
  object space 172032K, 1% used [0x00000006c5e00000,0x00000006c602dc68,0x00000006d0600000)
 Metaspace       used 11087K, capacity 11338K, committed 11648K, reserved 1060864K
  class space    used 998K, capacity 1086K, committed 1152K, reserved 1048576K
}
Event: 8.550 GC heap before
{Heap before GC invocations=42 (full 0):
 PSYoungGen      total 1229312K, used 1228320K [0x000000076ca00000, 0x00000007bff80000, 0x00000007c0000000)
  eden space 1228288K, 100% used [0x000000076ca00000,0x00000007b7980000,0x00000007b7980000)
  from space 1024K, 3% used [0x00000007bfd80000,0x00000007bfd88000,0x00000007bfe80000)
  to   space 1024K, 0% used [0x00000007bfe80000,0x00000007bfe80000,0x00000007bff80000)
 ParOldGen       total 172032K, used 2231K [0x00000006c5e00000, 0x00000006d0600000, 0x000000076ca00000)
  object space 172032K, 1% used [0x00000006c5e00000,0x00000006c602dc68,0x00000006d0600000)
 Metaspace       used 11087K, capacity 11338K, committed 11648K, reserved 1060864K
  class space    used 998K, capacity 1086K, committed 1152K, reserved 1048576K
Event: 8.552 GC heap after
Heap after GC invocations=42 (full 0):
 PSYoungGen      total 1170944K, used 32K [0x000000076ca00000, 0x00000007bff00000, 0x00000007c0000000)
  eden space 1170432K, 0% used [0x000000076ca00000,0x000000076ca00000,0x00000007b4100000)
  from space 512K, 6% used [0x00000007bfe80000,0x00000007bfe88000,0x00000007bff00000)
  to   space 1024K, 0% used [0x00000007bfd00000,0x00000007bfd00000,0x00000007bfe00000)
 ParOldGen       total 172032K, used 2231K [0x00000006c5e00000, 0x00000006d0600000, 0x000000076ca00000)
  object space 172032K, 1% used [0x00000006c5e00000,0x00000006c602dc68,0x00000006d0600000)
 Metaspace       used 11087K, capacity 11338K, committed 11648K, reserved 1060864K
  class space    used 998K, capacity 1086K, committed 1152K, reserved 1048576K
}
Event: 9.308 GC heap before
{Heap before GC invocations=43 (full 0):
 PSYoungGen      total 1170944K, used 1170464K [0x000000076ca00000, 0x00000007bff00000, 0x00000007c0000000)
  eden space 1170432K, 100% used [0x000000076ca00000,0x00000007b4100000,0x00000007b4100000)
  from space 512K, 6% used [0x00000007bfe80000,0x00000007bfe88000,0x00000007bff00000)
  to   space 1024K, 0% used [0x00000007bfd00000,0x00000007bfd00000,0x00000007bfe00000)
 ParOldGen       total 172032K, used 2231K [0x00000006c5e00000, 0x00000006d0600000, 0x000000076ca00000)
  object space 172032K, 1% used [0x00000006c5e00000,0x00000006c602dc68,0x00000006d0600000)
 Metaspace       used 11087K, capacity 11338K, committed 11648K, reserved 1060864K
  class space    used 998K, capacity 1086K, committed 1152K, reserved 1048576K
Event: 9.309 GC heap after
Heap after GC invocations=43 (full 0):
 PSYoungGen      total 1116160K, used 32K [0x000000076ca00000, 0x00000007bff00000, 0x00000007c0000000)
  eden space 1115136K, 0% used [0x000000076ca00000,0x000000076ca00000,0x00000007b0b00000)
  from space 1024K, 3% used [0x00000007bfd00000,0x00000007bfd08000,0x00000007bfe00000)
  to   space 1024K, 0% used [0x00000007bfe00000,0x00000007bfe00000,0x00000007bff00000)
 ParOldGen       total 172032K, used 2231K [0x00000006c5e00000, 0x00000006d0600000, 0x000000076ca00000)
  object space 172032K, 1% used [0x00000006c5e00000,0x00000006c602dc68,0x00000006d0600000)
 Metaspace       used 11087K, capacity 11338K, committed 11648K, reserved 1060864K
  class space    used 998K, capacity 1086K, committed 1152K, reserved 1048576K
}

